2022-02-18 19:46:45|288.9µs|404|GET|/|::1|0 B|9 B||
2022-02-18 19:46:45|470.8µs|404|GET|/favicon.ico|::1|0 B|9 B||
2022-02-18 19:49:06|35.3086ms|400|GET|/v1/users|::1|email=admin@admin|0 B|10 B||
2022-02-18 19:54:06|6.6517933s|400|GET|/v1/users|::1|email=admin@admin|0 B|10 B||
2022-02-18 19:54:15|3.4546ms|200|GET|/v1/users|::1|email=admin@admin.com|0 B|10 B||
2022-02-18 19:56:26|2.4915ms|200|GET|/v1/users/62101fd1293795017557f4d8|::1|id=62101fd1293795017557f4d8|0 B|10 B||
2022-02-18 19:58:46|134.9µs|400|GET|/v1/users|::1|0 B|10 B||
2022-02-18 19:58:50|2.0353ms|200|GET|/v1/users|::1|email=admin@admin.com|0 B|10 B||
2022-02-19 11:47:52|51.0278442s|201|POST|/auth/register|::1|107 B|295 B|{"email":"alex@goiris.com.br","password":"123456","roles":["admin"]}|
2022-02-19 11:52:30|28.1733263s|422|POST|/auth/register|::1|70 B|91 B|{"email":"alex@goiris.com.br","password":"123456"}|
2022-02-19 11:54:32|40.7586094s|422|POST|/auth/register|::1|26 B|99 B|{"email":"alex@"}|
2022-02-19 12:32:18|36.9054224s|500|POST|/auth/register|::1|0 B|21 B|error(Undefined validation function 'get' on field 'Password' c:/Users/alex_/workspace/go.iris/controllers/auth.go:12)|
2022-02-19 12:35:13|32.2327862s|400|POST|/auth/register|::1|56 B|213 B|{"email":"alex","password":"123456"}|
2022-02-19 12:36:25|11.2703918s|201|POST|/auth/register|::1|66 B|212 B|{"email":"alex@go.com.br","password":"123456"}|
2022-02-19 13:06:48|34.3119839s|200|POST|/auth/login|::1|66 B|260 B|{"email":"alex@go.com.br","password":"123456"}|
2022-02-19 13:07:57|1.1816432s|200|POST|/auth/login|::1|66 B|260 B|{"email":"alex@go.com.br","password":"123456"}|
2022-02-19 13:30:53|1.2531585s|200|POST|/auth/login|::1|66 B|260 B|{"email":"alex@go.com.br","password":"123456"}|
2022-02-19 14:02:38|1.1793758s|200|POST|/auth/login|::1|66 B|260 B|{"email":"alex@go.com.br","password":"123456"}|
2022-02-19 14:02:44|4.6432227s|401|GET|/v1/users|::1|email=admin@admin.com|0 B|10 B||
2022-02-21 19:57:53|30.0045498s|500|POST|/auth/login|::1|0 B|21 B|error(runtime error: invalid memory address or nil pointer dereference c:/Users/alex_/workspace/go.iris/controllers/auth.go:54)|
2022-02-21 19:59:59|1m16.5121061s|200|POST|/auth/login|::1|66 B|322 B|{"email":"alex@go.com.br","password":"123456"}|
2022-02-21 20:02:23|11.5743053s|401|POST|/v1/vehicles|::1|0 B|10 B||
2022-02-21 20:02:50|5.9238691s|200|POST|/auth/login|::1|66 B|322 B|{"email":"alex@go.com.br","password":"123456"}|
2022-02-21 20:03:35|41.8413763s|401|POST|/v1/vehicles|::1|0 B|10 B||
2022-02-21 20:05:54|11.2969441s|400|POST|/v1/vehicles|::1|0 B|10 B||
2022-02-21 20:27:04|17.4907286s|201|POST|/v1/vehicles|::1|178 B|10 B|{"license":"AAA0999","name":"Captiva Sport 2.4 Ecotec","model":"Chevrolet","year_model":2012,"year_manufactory":2012,"color":"Branco"}|
2022-02-21 20:28:02|9.6894504s|400|POST|/v1/vehicles|::1|160 B|10 B|{"name":"Captiva Sport 2.4 Ecotec","model":"GM - Chevrolet","year_model":2012,"year_manufactory":2011,"color":"Branco"}|
2022-02-21 20:28:34|10.818187s|404|POST|/v1/vehicles|::1|187 B|10 B|{"license":"AAA0999","name":"Captiva Sport 2.4 Ecotec","model":"GM - Chevrolet","year_model":2012,"year_manufactory":2011,"color":"Branco"}|
2022-02-21 20:31:57|1m16.9727249s|202|PUT|/v1/vehicles/62141fc10f1afea2cecb2c16|::1|id=62141fc10f1afea2cecb2c16|187 B|10 B|{"license":"AAA0999","name":"Captiva Sport 2.4 Ecotec","model":"GM - Chevrolet","year_model":2012,"year_manufactory":2011,"color":"Branco"}|
2022-02-21 20:33:25|24.1830131s|202|PUT|/v1/vehicles/62141fc10f1afea2cecb2c16|::1|id=62141fc10f1afea2cecb2c16|187 B|10 B|{"license":"AAA0999","name":"Captiva Sport 2.4 Ecotec","model":"GM - Chevrolet","year_model":2012,"year_manufactory":2011,"color":"Branco"}|
2022-02-21 20:44:48|16.3534489s|202|PATCH|/v1/vehicles/62141fc10f1afea2cecb2c16/inactive|::1|id=62141fc10f1afea2cecb2c16|0 B|10 B||
2022-02-21 20:46:51|1.3106898s|200|POST|/auth/login|::1|66 B|322 B|{"email":"alex@go.com.br","password":"123456"}|
2022-02-21 20:47:30|36.6315204s|202|PATCH|/v1/vehicles/62141fc10f1afea2cecb2c16/active|::1|id=62141fc10f1afea2cecb2c16|0 B|10 B||
2022-02-21 20:48:11|1.3098958s|200|POST|/auth/login|::1|66 B|322 B|{"email":"alex@go.com.br","password":"123456"}|
2022-02-21 20:48:13|5.0906ms|204|DELETE|/v1/vehicles/62141fc10f1afea2cecb2c16|::1|id=62141fc10f1afea2cecb2c16|187 B|0 B|{"license":"AAA0999","name":"Captiva Sport 2.4 Ecotec","model":"GM - Chevrolet","year_model":2012,"year_manufactory":2011,"color":"Branco"}|
